<?xml version="1.0" encoding="UTF-8" ?>
<testsuite tests="11" failures="0" name="com.project.test.converter.SuiteTest" time="0" errors="0" skipped="0">
  <properties>
    <property name="java.runtime.name" value="Java(TM) SE Runtime Environment"/>
    <property name="sun.boot.library.path" value="C:\Program Files\Java\jdk1.8.0_141\jre\bin"/>
    <property name="java.vm.version" value="25.141-b15"/>
    <property name="java.vm.vendor" value="Oracle Corporation"/>
    <property name="maven.multiModuleProjectDirectory" value="D:\sts-workspace\number-word-converter"/>
    <property name="java.vendor.url" value="http://java.oracle.com/"/>
    <property name="path.separator" value=";"/>
    <property name="guice.disable.misplaced.annotation.check" value="true"/>
    <property name="java.vm.name" value="Java HotSpot(TM) 64-Bit Server VM"/>
    <property name="file.encoding.pkg" value="sun.io"/>
    <property name="user.script" value=""/>
    <property name="user.country" value="US"/>
    <property name="sun.java.launcher" value="SUN_STANDARD"/>
    <property name="sun.os.patch.level" value=""/>
    <property name="java.vm.specification.name" value="Java Virtual Machine Specification"/>
    <property name="user.dir" value="D:\sts-workspace\number-word-converter"/>
    <property name="java.runtime.version" value="1.8.0_141-b15"/>
    <property name="java.awt.graphicsenv" value="sun.awt.Win32GraphicsEnvironment"/>
    <property name="java.endorsed.dirs" value="C:\Program Files\Java\jdk1.8.0_141\jre\lib\endorsed"/>
    <property name="os.arch" value="amd64"/>
    <property name="java.io.tmpdir" value="C:\Users\kalyan_konapala\AppData\Local\Temp\"/>
    <property name="line.separator" value="
"/>
    <property name="java.vm.specification.vendor" value="Oracle Corporation"/>
    <property name="user.variant" value=""/>
    <property name="os.name" value="Windows 8.1"/>
    <property name="classworlds.conf" value="D:\ApacheMaven_3.5.2\bin\..\bin\m2.conf"/>
    <property name="sun.jnu.encoding" value="Cp1252"/>
    <property name="java.library.path" value="C:\Program Files\Java\jdk1.8.0_141\bin;C:\windows\Sun\Java\bin;C:\windows\system32;C:\windows;C:\Program Files\AdoptOpenJDK\jdk-8.0.202.08\bin;C:\Program Files\AdoptOpenJDK\jre-8.0.202.08\bin;C:\Program Files\Java\jdk1.8.0_141\bin;C:\ProgramData\Oracle\Java\javapath;C:\windows\system32;C:\windows;C:\windows\System32\Wbem;C:\windows\System32\WindowsPowerShell\v1.0\;C:\Program Files\TortoiseSVN\bin;C:\Program Files\Citrix\System32\;C:\Program Files\Citrix\ICAService\;D:apache-cassandra-3.11.2\bin;D:\ApacheMaven_3.5.2\bin;D:\Apache Ant\apache-ant-1.10.1\bin;C:\Program Files\MySQL\MySQL Utilities 1.6\;C:\Python27\;C:\Program Files\Git\cmd;C:\Program Files (x86)\WebEx\Productivity Tools;C:\Program Files (x86)\Webex\Webex\Applications;C:\ProgramData\Oracle\Java\javapath;C:\windows\system32;C:\windows;C:\windows\System32\Wbem;C:\windows\System32\WindowsPowerShell\v1.0\;C:\Program Files\Java\jdk1.8.0_141\bin;C:\Python27\;;."/>
    <property name="maven.conf" value="D:\ApacheMaven_3.5.2\bin\../conf"/>
    <property name="java.specification.name" value="Java Platform API Specification"/>
    <property name="java.class.version" value="52.0"/>
    <property name="sun.management.compiler" value="HotSpot 64-Bit Tiered Compilers"/>
    <property name="os.version" value="6.3"/>
    <property name="library.jansi.path" value="D:\ApacheMaven_3.5.2\bin\..\lib\jansi-native"/>
    <property name="user.home" value="C:\Users\kalyan_konapala"/>
    <property name="user.timezone" value="Asia/Calcutta"/>
    <property name="java.awt.printerjob" value="sun.awt.windows.WPrinterJob"/>
    <property name="java.specification.version" value="1.8"/>
    <property name="file.encoding" value="Cp1252"/>
    <property name="user.name" value="Kalyan_Konapala"/>
    <property name="java.class.path" value="D:\ApacheMaven_3.5.2\bin\..\boot\plexus-classworlds-2.5.2.jar"/>
    <property name="java.vm.specification.version" value="1.8"/>
    <property name="sun.arch.data.model" value="64"/>
    <property name="java.home" value="C:\Program Files\Java\jdk1.8.0_141\jre"/>
    <property name="sun.java.command" value="org.codehaus.plexus.classworlds.launcher.Launcher clean install"/>
    <property name="java.specification.vendor" value="Oracle Corporation"/>
    <property name="user.language" value="en"/>
    <property name="awt.toolkit" value="sun.awt.windows.WToolkit"/>
    <property name="java.vm.info" value="mixed mode"/>
    <property name="java.version" value="1.8.0_141"/>
    <property name="java.ext.dirs" value="C:\Program Files\Java\jdk1.8.0_141\jre\lib\ext;C:\windows\Sun\Java\lib\ext"/>
    <property name="sun.boot.class.path" value="C:\Program Files\Java\jdk1.8.0_141\jre\lib\resources.jar;C:\Program Files\Java\jdk1.8.0_141\jre\lib\rt.jar;C:\Program Files\Java\jdk1.8.0_141\jre\lib\sunrsasign.jar;C:\Program Files\Java\jdk1.8.0_141\jre\lib\jsse.jar;C:\Program Files\Java\jdk1.8.0_141\jre\lib\jce.jar;C:\Program Files\Java\jdk1.8.0_141\jre\lib\charsets.jar;C:\Program Files\Java\jdk1.8.0_141\jre\lib\jfr.jar;C:\Program Files\Java\jdk1.8.0_141\jre\classes"/>
    <property name="sun.stderr.encoding" value="cp437"/>
    <property name="java.vendor" value="Oracle Corporation"/>
    <property name="maven.home" value="D:\ApacheMaven_3.5.2\bin\.."/>
    <property name="file.separator" value="\"/>
    <property name="java.vendor.url.bug" value="http://bugreport.sun.com/bugreport/"/>
    <property name="sun.cpu.endian" value="little"/>
    <property name="sun.io.unicode.encoding" value="UnicodeLittle"/>
    <property name="sun.stdout.encoding" value="cp437"/>
    <property name="sun.desktop" value="windows"/>
    <property name="sun.cpu.isalist" value="amd64"/>
  </properties>
  <testcase classname="com.project.test.converter.NumberConverterFactoryTest" name="testOutOfRangeProcess" time="0"/>
  <testcase classname="com.project.test.converter.NumberConverterFactoryTest" name="testProcess" time="0"/>
  <testcase classname="com.project.test.converter.NumberConverterFactoryTest" name="testInvalidInputProcess" time="0"/>
  <testcase classname="com.project.test.converter.NumberConverterFactoryTest" name="testConverterNotDefinedProcess" time="0"/>
  <testcase classname="com.project.test.converter.service.MillionNumberWordConverterTest" name="testThousandConvertNumberToWord" time="0"/>
  <testcase classname="com.project.test.converter.service.MillionNumberWordConverterTest" name="testZeroDigitConvertNumberToWord" time="0"/>
  <testcase classname="com.project.test.converter.service.MillionNumberWordConverterTest" name="testConvertNumberToWord" time="0"/>
  <testcase classname="com.project.test.converter.service.MillionNumberWordConverterTest" name="testHundredConvertNumberToWord" time="0"/>
  <testcase classname="com.project.test.converter.service.WordGeneratorFromNumberUtilTest" name="testSingleDigitGetNumberWord" time="0"/>
  <testcase classname="com.project.test.converter.service.WordGeneratorFromNumberUtilTest" name="testTwoDigitGetNumberWord" time="0"/>
  <testcase classname="com.project.test.converter.service.WordGeneratorFromNumberUtilTest" name="testGetNumberWord" time="0"/>
</testsuite>